<?xml version="1.0" encoding="UTF-8"?>
<testng-results skipped="0" failed="0" ignored="0" total="1" passed="1">
  <reporter-output>
  </reporter-output>
  <suite name="Default suite" duration-ms="101650" started-at="2018-04-18T12:38:00Z" finished-at="2018-04-18T12:39:41Z">
    <groups>
    </groups>
    <test name="Default test" duration-ms="101650" started-at="2018-04-18T12:38:00Z" finished-at="2018-04-18T12:39:41Z">
      <class name="Executions.EditExecutions">
        <test-method status="PASS" signature="Signin()[pri:0, instance:Executions.EditExecutions@63440df3]" name="Signin" duration-ms="101626" started-at="2018-04-18T12:38:00Z" finished-at="2018-04-18T12:39:41Z">
          <reporter-output>
          </reporter-output>
        </test-method> <!-- Signin -->
      </class> <!-- Executions.EditExecutions -->
    </test> <!-- Default test -->
  </suite> <!-- Default suite -->
</testng-results>
