<?xml version="1.0" encoding="UTF-8"?>
<testng-results skipped="0" failed="0" ignored="0" total="1" passed="1">
  <reporter-output>
  </reporter-output>
  <suite name="Default suite" duration-ms="167861" started-at="2018-04-16T12:56:00Z" finished-at="2018-04-16T12:58:47Z">
    <groups>
    </groups>
    <test name="Default test" duration-ms="167861" started-at="2018-04-16T12:56:00Z" finished-at="2018-04-16T12:58:47Z">
      <class name="Executions.AddressExecutions">
        <test-method status="PASS" signature="addressEx()[pri:0, instance:Executions.AddressExecutions@60285225]" name="addressEx" duration-ms="167824" started-at="2018-04-16T12:56:00Z" finished-at="2018-04-16T12:58:47Z">
          <reporter-output>
          </reporter-output>
        </test-method> <!-- addressEx -->
      </class> <!-- Executions.AddressExecutions -->
    </test> <!-- Default test -->
  </suite> <!-- Default suite -->
</testng-results>
